Command line:
   SISOtb_isim_beh.exe
     -simmode  gui
     -simrunnum  0
     -socket  47023

Sun Sep 24 09:48:46 2023


 Elaboration Time: 0.01 sec

 Current Memory Usage: 183.628 Meg

 Total Signals          : 17
 Total Nets             : 16
 Total Signal Drivers   : 8
 Total Blocks           : 3
 Total Primitive Blocks : 2
 Total Processes        : 12
 Total Traceable Variables  : 21
 Total Scalar Nets and Variables : 102
Total Line Count : 28

 Total Simulation Time: 0.02 sec

 Current Memory Usage: 259.129 Meg

Sun Sep 24 09:50:20 2023

