Running: /opt/Xilinx/14.7/ISE_DS/ISE/bin/lin64/unwrapped/fuse -relaunch -intstyle "ise" -incremental -lib "unisims_ver" -lib "unimacro_ver" -lib "xilinxcorelib_ver" -lib "secureip" -o "/home/indranilpal/IIEST/HPC/Projects/halfAdder/halfAddertb_isim_beh.exe" -prj "/home/indranilpal/IIEST/HPC/Projects/halfAdder/halfAddertb_beh.prj" "work.halfAddertb" "work.glbl" 
ISim P.20131013 (signature 0xfbc00daa)
Number of CPUs detected in this system: 4
Turning on mult-threading, number of parallel sub-compilation jobs: 8 
Determining compilation order of HDL files
Analyzing Verilog file "/home/indranilpal/IIEST/HPC/Projects/halfAdder/halfAdder.v" into library work
Analyzing Verilog file "/home/indranilpal/IIEST/HPC/Projects/halfAdder/halfAddertb.v" into library work
Analyzing Verilog file "/opt/Xilinx/14.7/ISE_DS/ISE//verilog/src/glbl.v" into library work
Starting static elaboration
Completed static elaboration
Fuse Memory Usage: 82688 KB
Fuse CPU Usage: 550 ms
Compiling module halfAdder
Compiling module halfAddertb
Compiling module glbl
Time Resolution for simulation is 1ps.
Compiled 3 Verilog Units
Built simulation executable /home/indranilpal/IIEST/HPC/Projects/halfAdder/halfAddertb_isim_beh.exe
Fuse Memory Usage: 642860 KB
Fuse CPU Usage: 560 ms
GCC CPU Usage: 160 ms
