Command line:
   SIPOtb_isim_beh.exe
     -simmode  gui
     -simrunnum  0
     -socket  52571

Sun Sep 24 09:39:47 2023


 Elaboration Time: 0.01 sec

 Current Memory Usage: 183.628 Meg

 Total Signals          : 16
 Total Nets             : 19
 Total Signal Drivers   : 8
 Total Blocks           : 3
 Total Primitive Blocks : 2
 Total Processes        : 12
 Total Traceable Variables  : 21
 Total Scalar Nets and Variables : 105
Total Line Count : 27

 Total Simulation Time: 0.03 sec

 Current Memory Usage: 259.129 Meg

Sun Sep 24 09:41:18 2023

