Running: /opt/Xilinx/14.7/ISE_DS/ISE/bin/lin64/unwrapped/fuse -intstyle ise -incremental -lib unisims_ver -lib unimacro_ver -lib xilinxcorelib_ver -lib secureip -o /home/indranilpal/IIEST/HPC/Projects/UpCounter/UpCountertb_isim_beh.exe -prj /home/indranilpal/IIEST/HPC/Projects/UpCounter/UpCountertb_beh.prj work.UpCountertb work.glbl 
ISim P.20131013 (signature 0xfbc00daa)
Number of CPUs detected in this system: 4
Turning on mult-threading, number of parallel sub-compilation jobs: 8 
Determining compilation order of HDL files
Analyzing Verilog file "/home/indranilpal/IIEST/HPC/Projects/UpCounter/UpCounter.v" into library work
Analyzing Verilog file "/home/indranilpal/IIEST/HPC/Projects/UpCounter/UpCountertb.v" into library work
Analyzing Verilog file "/opt/Xilinx/14.7/ISE_DS/ISE//verilog/src/glbl.v" into library work
Starting static elaboration
Completed static elaboration
Fuse Memory Usage: 82692 KB
Fuse CPU Usage: 520 ms
Compiling module UpCounter
Compiling module UpCountertb
Compiling module glbl
Time Resolution for simulation is 1ps.
Compiled 3 Verilog Units
Built simulation executable /home/indranilpal/IIEST/HPC/Projects/UpCounter/UpCountertb_isim_beh.exe
Fuse Memory Usage: 642880 KB
Fuse CPU Usage: 530 ms
GCC CPU Usage: 320 ms
