ISim log file
Running: /home/indranilpal/IIEST/HPC/Projects/UpCounter/UpCountertb_isim_beh.exe -intstyle ise -gui -tclbatch isim.cmd -wdb /home/indranilpal/IIEST/HPC/Projects/UpCounter/UpCountertb_isim_beh.wdb 
ISim P.20131013 (signature 0xfbc00daa)
----------------------------------------------------------------------
INFO:Security:51 - The XILINXD_LICENSE_FILE environment variable is not set.
INFO:Security:53 - The LM_LICENSE_FILE environment variable is not set.
INFO:Security:68a - user is indranilpal, on host unknown.
WARNING:Security:43 - No license file was found in the standard Xilinx license directory.
WARNING:Security:44 - Since no license file was found,
       please run the Xilinx License Configuration Manager
       (xlcm or "Manage Xilinx Licenses")
       to assist in obtaining a license.
ERROR:Security:14 - No feature was available for 'ISIM'.

No such feature exists.
Feature:       ISIM
License path:  /home/indranilpal/.Xilinx/*.lic:/opt/Xilinx/14.7/ISE_DS/ISE//data/*.lic:/opt/Xilinx/14.7/ISE_DS/ISE//coregen/core_licenses/Xilinx.lic:/opt/Xilinx/14.7/ISE_DS/ISE//coregen/core_licenses/XilinxFree.lic:
FLEXnet Licensing error:-5,357
For further information, refer to the FLEXnet Licensing documentation,
available at "www.flexerasoftware.com".
----------------------------------------------------------------------
WARNING: A full ISim License cannot be checked out due to the issues listed above. Please use Xilinx License Configuration Manager to fix these issues in order to check out a full ISim license.
WARNING: ISim will run in Lite mode. Please refer to the ISim documentation for more information on the differences between the Lite and the Full version.
This is a Lite version of ISim.
Time resolution is 1 ps
# onerror resume
# wave add /
# run 1000 ns
Simulator is doing circuit initialization process.
Finished circuit initialization process.
y = 0101
y = 0110
y = 0111
y = 1000
y = 1001
y = 1010
y = 1011
y = 1100
y = 1101
y = 1110
y = 1111
y = 0000
y = 0001
y = 0010
y = 0011
Stopped at time : 210 ns : File "/home/indranilpal/IIEST/HPC/Projects/UpCounter/UpCountertb.v" Line 78
# exit 0
